<?xml version="1.0" encoding="UTF-8"?>
<!-- Generated by org.testng.reporters.JUnitXMLReporter -->
<testsuite ignored="0" hostname="LA-WKS-0093" failures="0" tests="5" name="Default test" time="4.117" errors="0" timestamp="2020-08-14T17:36:36 PDT">
  <testcase classname="DemoProject.GET_Country_Name" name="getCountryName_InputValidFullCountryName_ReturnSuccessResponse" time="3.099"/>
  <testcase classname="DemoProject.GET_Partial_Country_Name" name="getCountryName_InputValidPartialCountryName_ReturnSuccessResponse" time="0.274"/>
  <testcase classname="DemoProject.GET_Code_Aplha2" name="getCountryName_InputValid2LetterCode_ReturnSuccessResponse" time="0.248"/>
  <testcase classname="DemoProject.GET_Code_Aplha3" name="getCountryName_InputValid2LetterCode_ReturnSuccessResponse" time="0.222"/>
  <testcase classname="DemoProject.GET_Native_Name" name="getCountryName_InputValidFullNativeName_ReturnSuccessResponse" time="0.219"/>
</testsuite> <!-- Default test -->
